[2026-05-31 15:51:14] local.ERROR: include(C:\Users\JUNIOR\AppData\Local\Temp\sindancora_temp\vendor\composer/../laravel/sentinel/src/SentinelServiceProvider.php): Failed to open stream: No such file or directory {"exception":"[object] (ErrorException(code: 0): include(C:\\Users\\JUNIOR\\AppData\\Local\\Temp\\sindancora_temp\\vendor\\composer/../laravel/sentinel/src/SentinelServiceProvider.php): Failed to open stream: No such file or directory at C:/Users/JUNIOR/AppData/Local/Temp/sindancora_temp/vendor/composer/ClassLoader.php:576)
[stacktrace]
#0 C:/Users/JUNIOR/AppData/Local/Temp/sindancora_temp/vendor/laravel/framework/src/Illuminate/Foundation/Bootstrap/HandleExceptions.php(258): Illuminate/Foundation/Bootstrap/HandleExceptions->handleError(2, 'include(C://User...', 'C://Users//JUNIOR...', 576)
#1 C:/Users/JUNIOR/AppData/Local/Temp/sindancora_temp/vendor/composer/ClassLoader.php(576): Illuminate/Foundation/Bootstrap/HandleExceptions->Illuminate/Foundation/Bootstrap/{closure}(2, 'include(C://User...', 'C://Users//JUNIOR...', 576)
#2 C:/Users/JUNIOR/AppData/Local/Temp/sindancora_temp/vendor/composer/ClassLoader.php(576): include('C://Users//JUNIOR...')
#3 C:/Users/JUNIOR/AppData/Local/Temp/sindancora_temp/vendor/composer/ClassLoader.php(427): Composer/Autoload/{closure}('C://Users//JUNIOR...')
#4 C:/Users/JUNIOR/AppData/Local/Temp/sindancora_temp/vendor/laravel/framework/src/Illuminate/Foundation/Application.php(961): Composer/Autoload/ClassLoader->loadClass('Laravel//Sentine...')
#5 C:/Users/JUNIOR/AppData/Local/Temp/sindancora_temp/vendor/laravel/framework/src/Illuminate/Foundation/Application.php(893): Illuminate/Foundation/Application->resolveProvider('Laravel//Sentine...')
#6 C:/Users/JUNIOR/AppData/Local/Temp/sindancora_temp/vendor/laravel/framework/src/Illuminate/Foundation/ProviderRepository.php(74): Illuminate/Foundation/Application->register('Laravel//Sentine...')
#7 C:/Users/JUNIOR/AppData/Local/Temp/sindancora_temp/vendor/laravel/framework/src/Illuminate/Foundation/Application.php(871): Illuminate/Foundation/ProviderRepository->load(Array)
#8 C:/Users/JUNIOR/AppData/Local/Temp/sindancora_temp/vendor/laravel/framework/src/Illuminate/Foundation/Bootstrap/RegisterProviders.php(37): Illuminate/Foundation/Application->registerConfiguredProviders()
#9 C:/Users/JUNIOR/AppData/Local/Temp/sindancora_temp/vendor/laravel/framework/src/Illuminate/Foundation/Application.php(342): Illuminate/Foundation/Bootstrap/RegisterProviders->bootstrap(Object(Illuminate/Foundation/Application))
#10 C:/Users/JUNIOR/AppData/Local/Temp/sindancora_temp/vendor/laravel/framework/src/Illuminate/Foundation/Console/Kernel.php(494): Illuminate/Foundation/Application->bootstrapWith(Array)
#11 C:/Users/JUNIOR/AppData/Local/Temp/sindancora_temp/vendor/laravel/framework/src/Illuminate/Foundation/Console/Kernel.php(196): Illuminate/Foundation/Console/Kernel->bootstrap()
#12 C:/Users/JUNIOR/AppData/Local/Temp/sindancora_temp/vendor/laravel/framework/src/Illuminate/Foundation/Application.php(1235): Illuminate/Foundation/Console/Kernel->handle(Object(Symfony/Component/Console/Input/ArgvInput), Object(Symfony/Component/Console/Output/ConsoleOutput))
#13 C:/Users/JUNIOR/AppData/Local/Temp/sindancora_temp/artisan(16): Illuminate/Foundation/Application->handleCommand(Object(Symfony/Component/Console/Input/ArgvInput))
#14 {main}
"} 
[2026-05-31 16:10:12] local.ERROR: could not find driver (Connection: pgsql, Host: 127.0.0.1, Port: 5432, Database: sindancora, SQL: select exists (select 1 from pg_class c, pg_namespace n where n.nspname = current_schema() and c.relname = 'migrations' and c.relkind in ('r', 'p') and n.oid = c.relnamespace)) {"exception":"[object] (Illuminate\\Database\\QueryException(code: 0): could not find driver (Connection: pgsql, Host: 127.0.0.1, Port: 5432, Database: sindancora, SQL: select exists (select 1 from pg_class c, pg_namespace n where n.nspname = current_schema() and c.relname = 'migrations' and c.relkind in ('r', 'p') and n.oid = c.relnamespace)) at C:/Users/JUNIOR/sindancora/vendor/laravel/framework/src/Illuminate/Database/Connection.php:838)
[stacktrace]
#0 C:/Users/JUNIOR/sindancora/vendor/laravel/framework/src/Illuminate/Database/Connection.php(794): Illuminate/Database/Connection->runQueryCallback('select exists (...', Array, Object(Closure))
#1 C:/Users/JUNIOR/sindancora/vendor/laravel/framework/src/Illuminate/Database/Connection.php(411): Illuminate/Database/Connection->run('select exists (...', Array, Object(Closure))
#2 C:/Users/JUNIOR/sindancora/vendor/laravel/framework/src/Illuminate/Database/Connection.php(357): Illuminate/Database/Connection->select('select exists (...', Array, true)
#3 C:/Users/JUNIOR/sindancora/vendor/laravel/framework/src/Illuminate/Database/Connection.php(374): Illuminate/Database/Connection->selectOne('select exists (...', Array, true)
#4 C:/Users/JUNIOR/sindancora/vendor/laravel/framework/src/Illuminate/Database/Schema/Builder.php(176): Illuminate/Database/Connection->scalar('select exists (...')
#5 C:/Users/JUNIOR/sindancora/vendor/laravel/framework/src/Illuminate/Database/Migrations/DatabaseMigrationRepository.php(185): Illuminate/Database/Schema/Builder->hasTable('migrations')
#6 C:/Users/JUNIOR/sindancora/vendor/laravel/framework/src/Illuminate/Database/Migrations/Migrator.php(758): Illuminate/Database/Migrations/DatabaseMigrationRepository->repositoryExists()
#7 C:/Users/JUNIOR/sindancora/vendor/laravel/framework/src/Illuminate/Database/Console/Migrations/StatusCommand.php(55): Illuminate/Database/Migrations/Migrator->repositoryExists()
#8 C:/Users/JUNIOR/sindancora/vendor/laravel/framework/src/Illuminate/Database/Migrations/Migrator.php(671): Illuminate/Database/Console/Migrations/StatusCommand->Illuminate/Database/Console/Migrations/{closure}()
#9 C:/Users/JUNIOR/sindancora/vendor/laravel/framework/src/Illuminate/Database/Console/Migrations/StatusCommand.php(54): Illuminate/Database/Migrations/Migrator->usingConnection(NULL, Object(Closure))
#10 C:/Users/JUNIOR/sindancora/vendor/laravel/framework/src/Illuminate/Container/BoundMethod.php(36): Illuminate/Database/Console/Migrations/StatusCommand->handle()
#11 C:/Users/JUNIOR/sindancora/vendor/laravel/framework/src/Illuminate/Container/Util.php(43): Illuminate/Container/BoundMethod::Illuminate/Container/{closure}()
#12 C:/Users/JUNIOR/sindancora/vendor/laravel/framework/src/Illuminate/Container/BoundMethod.php(96): Illuminate/Container/Util::unwrapIfClosure(Object(Closure))
#13 C:/Users/JUNIOR/sindancora/vendor/laravel/framework/src/Illuminate/Container/BoundMethod.php(35): Illuminate/Container/BoundMethod::callBoundMethod(Object(Illuminate/Foundation/Application), Array, Object(Closure))
#14 C:/Users/JUNIOR/sindancora/vendor/laravel/framework/src/Illuminate/Container/Container.php(799): Illuminate/Container/BoundMethod::call(Object(Illuminate/Foundation/Application), Array, Array, NULL)
#15 C:/Users/JUNIOR/sindancora/vendor/laravel/framework/src/Illuminate/Console/Command.php(211): Illuminate/Container/Container->call(Array)
#16 C:/Users/JUNIOR/sindancora/vendor/symfony/console/Command/Command.php(341): Illuminate/Console/Command->execute(Object(Symfony/Component/Console/Input/ArgvInput), Object(Illuminate/Console/OutputStyle))
#17 C:/Users/JUNIOR/sindancora/vendor/laravel/framework/src/Illuminate/Console/Command.php(180): Symfony/Component/Console/Command/Command->run(Object(Symfony/Component/Console/Input/ArgvInput), Object(Illuminate/Console/OutputStyle))
#18 C:/Users/JUNIOR/sindancora/vendor/symfony/console/Application.php(1117): Illuminate/Console/Command->run(Object(Symfony/Component/Console/Input/ArgvInput), Object(Symfony/Component/Console/Output/ConsoleOutput))
#19 C:/Users/JUNIOR/sindancora/vendor/symfony/console/Application.php(356): Symfony/Component/Console/Application->doRunCommand(Object(Illuminate/Database/Console/Migrations/StatusCommand), Object(Symfony/Component/Console/Input/ArgvInput), Object(Symfony/Component/Console/Output/ConsoleOutput))
#20 C:/Users/JUNIOR/sindancora/vendor/symfony/console/Application.php(195): Symfony/Component/Console/Application->doRun(Object(Symfony/Component/Console/Input/ArgvInput), Object(Symfony/Component/Console/Output/ConsoleOutput))
#21 C:/Users/JUNIOR/sindancora/vendor/laravel/framework/src/Illuminate/Foundation/Console/Kernel.php(198): Symfony/Component/Console/Application->run(Object(Symfony/Component/Console/Input/ArgvInput), Object(Symfony/Component/Console/Output/ConsoleOutput))
#22 C:/Users/JUNIOR/sindancora/vendor/laravel/framework/src/Illuminate/Foundation/Application.php(1235): Illuminate/Foundation/Console/Kernel->handle(Object(Symfony/Component/Console/Input/ArgvInput), Object(Symfony/Component/Console/Output/ConsoleOutput))
#23 C:/Users/JUNIOR/sindancora/artisan(16): Illuminate/Foundation/Application->handleCommand(Object(Symfony/Component/Console/Input/ArgvInput))
#24 {main}

[previous exception] [object] (PDOException(code: 0): could not find driver at C:/Users/JUNIOR/sindancora/vendor/laravel/framework/src/Illuminate/Database/Connectors/Connector.php:66)
[stacktrace]
#0 C:/Users/JUNIOR/sindancora/vendor/laravel/framework/src/Illuminate/Database/Connectors/Connector.php(66): PDO->__construct('pgsql:host=127....', 'sindancora', Object(SensitiveParameterValue), Array)
#1 C:/Users/JUNIOR/sindancora/vendor/laravel/framework/src/Illuminate/Database/Connectors/Connector.php(44): Illuminate/Database/Connectors/Connector->createPdoConnection('pgsql:host=127....', 'sindancora', Object(SensitiveParameterValue), Array)
#2 C:/Users/JUNIOR/sindancora/vendor/laravel/framework/src/Illuminate/Database/Connectors/PostgresConnector.php(35): Illuminate/Database/Connectors/Connector->createConnection('pgsql:host=127....', Array, Array)
#3 C:/Users/JUNIOR/sindancora/vendor/laravel/framework/src/Illuminate/Database/Connectors/ConnectionFactory.php(186): Illuminate/Database/Connectors/PostgresConnector->connect(Array)
#4 [internal function]: Illuminate/Database/Connectors/ConnectionFactory->Illuminate/Database/Connectors/{closure}()
#5 C:/Users/JUNIOR/sindancora/vendor/laravel/framework/src/Illuminate/Database/Connection.php(1257): call_user_func(Object(Closure))
#6 C:/Users/JUNIOR/sindancora/vendor/laravel/framework/src/Illuminate/Database/Connection.php(1295): Illuminate/Database/Connection->getPdo()
#7 C:/Users/JUNIOR/sindancora/vendor/laravel/framework/src/Illuminate/Database/Connection.php(525): Illuminate/Database/Connection->getReadPdo()
#8 C:/Users/JUNIOR/sindancora/vendor/laravel/framework/src/Illuminate/Database/Connection.php(420): Illuminate/Database/Connection->getPdoForSelect(true)
#9 C:/Users/JUNIOR/sindancora/vendor/laravel/framework/src/Illuminate/Database/Connection.php(827): Illuminate/Database/Connection->Illuminate/Database/{closure}('select exists (...', Array)
#10 C:/Users/JUNIOR/sindancora/vendor/laravel/framework/src/Illuminate/Database/Connection.php(794): Illuminate/Database/Connection->runQueryCallback('select exists (...', Array, Object(Closure))
#11 C:/Users/JUNIOR/sindancora/vendor/laravel/framework/src/Illuminate/Database/Connection.php(411): Illuminate/Database/Connection->run('select exists (...', Array, Object(Closure))
#12 C:/Users/JUNIOR/sindancora/vendor/laravel/framework/src/Illuminate/Database/Connection.php(357): Illuminate/Database/Connection->select('select exists (...', Array, true)
#13 C:/Users/JUNIOR/sindancora/vendor/laravel/framework/src/Illuminate/Database/Connection.php(374): Illuminate/Database/Connection->selectOne('select exists (...', Array, true)
#14 C:/Users/JUNIOR/sindancora/vendor/laravel/framework/src/Illuminate/Database/Schema/Builder.php(176): Illuminate/Database/Connection->scalar('select exists (...')
#15 C:/Users/JUNIOR/sindancora/vendor/laravel/framework/src/Illuminate/Database/Migrations/DatabaseMigrationRepository.php(185): Illuminate/Database/Schema/Builder->hasTable('migrations')
#16 C:/Users/JUNIOR/sindancora/vendor/laravel/framework/src/Illuminate/Database/Migrations/Migrator.php(758): Illuminate/Database/Migrations/DatabaseMigrationRepository->repositoryExists()
#17 C:/Users/JUNIOR/sindancora/vendor/laravel/framework/src/Illuminate/Database/Console/Migrations/StatusCommand.php(55): Illuminate/Database/Migrations/Migrator->repositoryExists()
#18 C:/Users/JUNIOR/sindancora/vendor/laravel/framework/src/Illuminate/Database/Migrations/Migrator.php(671): Illuminate/Database/Console/Migrations/StatusCommand->Illuminate/Database/Console/Migrations/{closure}()
#19 C:/Users/JUNIOR/sindancora/vendor/laravel/framework/src/Illuminate/Database/Console/Migrations/StatusCommand.php(54): Illuminate/Database/Migrations/Migrator->usingConnection(NULL, Object(Closure))
#20 C:/Users/JUNIOR/sindancora/vendor/laravel/framework/src/Illuminate/Container/BoundMethod.php(36): Illuminate/Database/Console/Migrations/StatusCommand->handle()
#21 C:/Users/JUNIOR/sindancora/vendor/laravel/framework/src/Illuminate/Container/Util.php(43): Illuminate/Container/BoundMethod::Illuminate/Container/{closure}()
#22 C:/Users/JUNIOR/sindancora/vendor/laravel/framework/src/Illuminate/Container/BoundMethod.php(96): Illuminate/Container/Util::unwrapIfClosure(Object(Closure))
#23 C:/Users/JUNIOR/sindancora/vendor/laravel/framework/src/Illuminate/Container/BoundMethod.php(35): Illuminate/Container/BoundMethod::callBoundMethod(Object(Illuminate/Foundation/Application), Array, Object(Closure))
#24 C:/Users/JUNIOR/sindancora/vendor/laravel/framework/src/Illuminate/Container/Container.php(799): Illuminate/Container/BoundMethod::call(Object(Illuminate/Foundation/Application), Array, Array, NULL)
#25 C:/Users/JUNIOR/sindancora/vendor/laravel/framework/src/Illuminate/Console/Command.php(211): Illuminate/Container/Container->call(Array)
#26 C:/Users/JUNIOR/sindancora/vendor/symfony/console/Command/Command.php(341): Illuminate/Console/Command->execute(Object(Symfony/Component/Console/Input/ArgvInput), Object(Illuminate/Console/OutputStyle))
#27 C:/Users/JUNIOR/sindancora/vendor/laravel/framework/src/Illuminate/Console/Command.php(180): Symfony/Component/Console/Command/Command->run(Object(Symfony/Component/Console/Input/ArgvInput), Object(Illuminate/Console/OutputStyle))
#28 C:/Users/JUNIOR/sindancora/vendor/symfony/console/Application.php(1117): Illuminate/Console/Command->run(Object(Symfony/Component/Console/Input/ArgvInput), Object(Symfony/Component/Console/Output/ConsoleOutput))
#29 C:/Users/JUNIOR/sindancora/vendor/symfony/console/Application.php(356): Symfony/Component/Console/Application->doRunCommand(Object(Illuminate/Database/Console/Migrations/StatusCommand), Object(Symfony/Component/Console/Input/ArgvInput), Object(Symfony/Component/Console/Output/ConsoleOutput))
#30 C:/Users/JUNIOR/sindancora/vendor/symfony/console/Application.php(195): Symfony/Component/Console/Application->doRun(Object(Symfony/Component/Console/Input/ArgvInput), Object(Symfony/Component/Console/Output/ConsoleOutput))
#31 C:/Users/JUNIOR/sindancora/vendor/laravel/framework/src/Illuminate/Foundation/Console/Kernel.php(198): Symfony/Component/Console/Application->run(Object(Symfony/Component/Console/Input/ArgvInput), Object(Symfony/Component/Console/Output/ConsoleOutput))
#32 C:/Users/JUNIOR/sindancora/vendor/laravel/framework/src/Illuminate/Foundation/Application.php(1235): Illuminate/Foundation/Console/Kernel->handle(Object(Symfony/Component/Console/Input/ArgvInput), Object(Symfony/Component/Console/Output/ConsoleOutput))
#33 C:/Users/JUNIOR/sindancora/artisan(16): Illuminate/Foundation/Application->handleCommand(Object(Symfony/Component/Console/Input/ArgvInput))
#34 {main}
"} 
[2026-06-01 15:53:21] laravel.EMERGENCY: Unable to create configured logger. Using emergency logger. {"exception":"[object] (InvalidArgumentException(code: 0): Log [] is not defined. at C:/Users/JUNIOR/sindancora/vendor/laravel/framework/src/Illuminate/Log/LogManager.php:222)
[stacktrace]
#0 C:/Users/JUNIOR/sindancora/vendor/laravel/framework/src/Illuminate/Log/LogManager.php(138): Illuminate/Log/LogManager->resolve(NULL, NULL)
#1 C:/Users/JUNIOR/sindancora/vendor/laravel/framework/src/Illuminate/Log/LogManager.php(125): Illuminate/Log/LogManager->get(NULL)
#2 C:/Users/JUNIOR/sindancora/vendor/laravel/framework/src/Illuminate/Log/LogManager.php(703): Illuminate/Log/LogManager->driver()
#3 C:/Users/JUNIOR/sindancora/vendor/laravel/framework/src/Illuminate/Foundation/Exceptions/Handler.php(402): Illuminate/Log/LogManager->error('Class \"L5Swagge...', Array)
#4 C:/Users/JUNIOR/sindancora/vendor/laravel/framework/src/Illuminate/Foundation/Exceptions/Handler.php(365): Illuminate/Foundation/Exceptions/Handler->reportThrowable(Object(Error))
#5 C:/Users/JUNIOR/sindancora/vendor/laravel/framework/src/Illuminate/Foundation/Console/Kernel.php(641): Illuminate/Foundation/Exceptions/Handler->report(Object(Error))
#6 C:/Users/JUNIOR/sindancora/vendor/laravel/framework/src/Illuminate/Foundation/Console/Kernel.php(200): Illuminate/Foundation/Console/Kernel->reportException(Object(Error))
#7 C:/Users/JUNIOR/sindancora/vendor/laravel/framework/src/Illuminate/Foundation/Application.php(1235): Illuminate/Foundation/Console/Kernel->handle(Object(Symfony/Component/Console/Input/ArgvInput), Object(Symfony/Component/Console/Output/ConsoleOutput))
#8 C:/Users/JUNIOR/sindancora/artisan(16): Illuminate/Foundation/Application->handleCommand(Object(Symfony/Component/Console/Input/ArgvInput))
#9 {main}
"} 
[2026-06-01 15:53:21] laravel.ERROR: Class "L5Swagger\Generator" not found {"exception":"[object] (Error(code: 0): Class \"L5Swagger\\Generator\" not found at C:/Users/JUNIOR/sindancora/config/l5-swagger.php:43)
[stacktrace]
#0 C:/Users/JUNIOR/sindancora/vendor/laravel/framework/src/Illuminate/Foundation/Bootstrap/LoadConfiguration.php(115): require()
#1 C:/Users/JUNIOR/sindancora/vendor/laravel/framework/src/Illuminate/Foundation/Bootstrap/LoadConfiguration.php(115): Illuminate/Foundation/Bootstrap/LoadConfiguration->Illuminate/Foundation/Bootstrap/{closure}()
#2 C:/Users/JUNIOR/sindancora/vendor/laravel/framework/src/Illuminate/Foundation/Bootstrap/LoadConfiguration.php(96): Illuminate/Foundation/Bootstrap/LoadConfiguration->loadConfigurationFile(Object(Illuminate/Config/Repository), 'l5-swagger', 'C://Users//JUNIOR...', Array)
#3 C:/Users/JUNIOR/sindancora/vendor/laravel/framework/src/Illuminate/Foundation/Bootstrap/LoadConfiguration.php(55): Illuminate/Foundation/Bootstrap/LoadConfiguration->loadConfigurationFiles(Object(Illuminate/Foundation/Application), Object(Illuminate/Config/Repository))
#4 C:/Users/JUNIOR/sindancora/vendor/laravel/framework/src/Illuminate/Foundation/Application.php(342): Illuminate/Foundation/Bootstrap/LoadConfiguration->bootstrap(Object(Illuminate/Foundation/Application))
#5 C:/Users/JUNIOR/sindancora/vendor/laravel/framework/src/Illuminate/Foundation/Console/Kernel.php(494): Illuminate/Foundation/Application->bootstrapWith(Array)
#6 C:/Users/JUNIOR/sindancora/vendor/laravel/framework/src/Illuminate/Foundation/Console/Kernel.php(196): Illuminate/Foundation/Console/Kernel->bootstrap()
#7 C:/Users/JUNIOR/sindancora/vendor/laravel/framework/src/Illuminate/Foundation/Application.php(1235): Illuminate/Foundation/Console/Kernel->handle(Object(Symfony/Component/Console/Input/ArgvInput), Object(Symfony/Component/Console/Output/ConsoleOutput))
#8 C:/Users/JUNIOR/sindancora/artisan(16): Illuminate/Foundation/Application->handleCommand(Object(Symfony/Component/Console/Input/ArgvInput))
#9 {main}
"} 
[2026-06-01 16:02:21] laravel.EMERGENCY: Unable to create configured logger. Using emergency logger. {"exception":"[object] (InvalidArgumentException(code: 0): Log [] is not defined. at C:/Users/JUNIOR/sindancora/vendor/laravel/framework/src/Illuminate/Log/LogManager.php:222)
[stacktrace]
#0 C:/Users/JUNIOR/sindancora/vendor/laravel/framework/src/Illuminate/Log/LogManager.php(138): Illuminate/Log/LogManager->resolve(NULL, NULL)
#1 C:/Users/JUNIOR/sindancora/vendor/laravel/framework/src/Illuminate/Log/LogManager.php(125): Illuminate/Log/LogManager->get(NULL)
#2 C:/Users/JUNIOR/sindancora/vendor/laravel/framework/src/Illuminate/Log/LogManager.php(703): Illuminate/Log/LogManager->driver()
#3 C:/Users/JUNIOR/sindancora/vendor/laravel/framework/src/Illuminate/Foundation/Exceptions/Handler.php(402): Illuminate/Log/LogManager->error('Class \"L5Swagge...', Array)
#4 C:/Users/JUNIOR/sindancora/vendor/laravel/framework/src/Illuminate/Foundation/Exceptions/Handler.php(365): Illuminate/Foundation/Exceptions/Handler->reportThrowable(Object(Error))
#5 C:/Users/JUNIOR/sindancora/vendor/laravel/framework/src/Illuminate/Foundation/Console/Kernel.php(641): Illuminate/Foundation/Exceptions/Handler->report(Object(Error))
#6 C:/Users/JUNIOR/sindancora/vendor/laravel/framework/src/Illuminate/Foundation/Console/Kernel.php(200): Illuminate/Foundation/Console/Kernel->reportException(Object(Error))
#7 C:/Users/JUNIOR/sindancora/vendor/laravel/framework/src/Illuminate/Foundation/Application.php(1235): Illuminate/Foundation/Console/Kernel->handle(Object(Symfony/Component/Console/Input/ArgvInput), Object(Symfony/Component/Console/Output/ConsoleOutput))
#8 C:/Users/JUNIOR/sindancora/artisan(16): Illuminate/Foundation/Application->handleCommand(Object(Symfony/Component/Console/Input/ArgvInput))
#9 {main}
"} 
[2026-06-01 16:02:21] laravel.ERROR: Class "L5Swagger\Generator" not found {"exception":"[object] (Error(code: 0): Class \"L5Swagger\\Generator\" not found at C:/Users/JUNIOR/sindancora/config/l5-swagger.php:43)
[stacktrace]
#0 C:/Users/JUNIOR/sindancora/vendor/laravel/framework/src/Illuminate/Foundation/Bootstrap/LoadConfiguration.php(115): require()
#1 C:/Users/JUNIOR/sindancora/vendor/laravel/framework/src/Illuminate/Foundation/Bootstrap/LoadConfiguration.php(115): Illuminate/Foundation/Bootstrap/LoadConfiguration->Illuminate/Foundation/Bootstrap/{closure}()
#2 C:/Users/JUNIOR/sindancora/vendor/laravel/framework/src/Illuminate/Foundation/Bootstrap/LoadConfiguration.php(96): Illuminate/Foundation/Bootstrap/LoadConfiguration->loadConfigurationFile(Object(Illuminate/Config/Repository), 'l5-swagger', 'C://Users//JUNIOR...', Array)
#3 C:/Users/JUNIOR/sindancora/vendor/laravel/framework/src/Illuminate/Foundation/Bootstrap/LoadConfiguration.php(55): Illuminate/Foundation/Bootstrap/LoadConfiguration->loadConfigurationFiles(Object(Illuminate/Foundation/Application), Object(Illuminate/Config/Repository))
#4 C:/Users/JUNIOR/sindancora/vendor/laravel/framework/src/Illuminate/Foundation/Application.php(342): Illuminate/Foundation/Bootstrap/LoadConfiguration->bootstrap(Object(Illuminate/Foundation/Application))
#5 C:/Users/JUNIOR/sindancora/vendor/laravel/framework/src/Illuminate/Foundation/Console/Kernel.php(494): Illuminate/Foundation/Application->bootstrapWith(Array)
#6 C:/Users/JUNIOR/sindancora/vendor/laravel/framework/src/Illuminate/Foundation/Console/Kernel.php(196): Illuminate/Foundation/Console/Kernel->bootstrap()
#7 C:/Users/JUNIOR/sindancora/vendor/laravel/framework/src/Illuminate/Foundation/Application.php(1235): Illuminate/Foundation/Console/Kernel->handle(Object(Symfony/Component/Console/Input/ArgvInput), Object(Symfony/Component/Console/Output/ConsoleOutput))
#8 C:/Users/JUNIOR/sindancora/artisan(16): Illuminate/Foundation/Application->handleCommand(Object(Symfony/Component/Console/Input/ArgvInput))
#9 {main}
"} 
[2026-06-01 16:02:41] laravel.EMERGENCY: Unable to create configured logger. Using emergency logger. {"exception":"[object] (InvalidArgumentException(code: 0): Log [] is not defined. at C:/Users/JUNIOR/sindancora/vendor/laravel/framework/src/Illuminate/Log/LogManager.php:222)
[stacktrace]
#0 C:/Users/JUNIOR/sindancora/vendor/laravel/framework/src/Illuminate/Log/LogManager.php(138): Illuminate/Log/LogManager->resolve(NULL, NULL)
#1 C:/Users/JUNIOR/sindancora/vendor/laravel/framework/src/Illuminate/Log/LogManager.php(125): Illuminate/Log/LogManager->get(NULL)
#2 C:/Users/JUNIOR/sindancora/vendor/laravel/framework/src/Illuminate/Log/LogManager.php(703): Illuminate/Log/LogManager->driver()
#3 C:/Users/JUNIOR/sindancora/vendor/laravel/framework/src/Illuminate/Foundation/Exceptions/Handler.php(402): Illuminate/Log/LogManager->error('Class \"L5Swagge...', Array)
#4 C:/Users/JUNIOR/sindancora/vendor/laravel/framework/src/Illuminate/Foundation/Exceptions/Handler.php(365): Illuminate/Foundation/Exceptions/Handler->reportThrowable(Object(Error))
#5 C:/Users/JUNIOR/sindancora/vendor/laravel/framework/src/Illuminate/Foundation/Console/Kernel.php(641): Illuminate/Foundation/Exceptions/Handler->report(Object(Error))
#6 C:/Users/JUNIOR/sindancora/vendor/laravel/framework/src/Illuminate/Foundation/Console/Kernel.php(200): Illuminate/Foundation/Console/Kernel->reportException(Object(Error))
#7 C:/Users/JUNIOR/sindancora/vendor/laravel/framework/src/Illuminate/Foundation/Application.php(1235): Illuminate/Foundation/Console/Kernel->handle(Object(Symfony/Component/Console/Input/ArgvInput), Object(Symfony/Component/Console/Output/ConsoleOutput))
#8 C:/Users/JUNIOR/sindancora/artisan(16): Illuminate/Foundation/Application->handleCommand(Object(Symfony/Component/Console/Input/ArgvInput))
#9 {main}
"} 
[2026-06-01 16:02:41] laravel.ERROR: Class "L5Swagger\Generator" not found {"exception":"[object] (Error(code: 0): Class \"L5Swagger\\Generator\" not found at C:/Users/JUNIOR/sindancora/config/l5-swagger.php:43)
[stacktrace]
#0 C:/Users/JUNIOR/sindancora/vendor/laravel/framework/src/Illuminate/Foundation/Bootstrap/LoadConfiguration.php(115): require()
#1 C:/Users/JUNIOR/sindancora/vendor/laravel/framework/src/Illuminate/Foundation/Bootstrap/LoadConfiguration.php(115): Illuminate/Foundation/Bootstrap/LoadConfiguration->Illuminate/Foundation/Bootstrap/{closure}()
#2 C:/Users/JUNIOR/sindancora/vendor/laravel/framework/src/Illuminate/Foundation/Bootstrap/LoadConfiguration.php(96): Illuminate/Foundation/Bootstrap/LoadConfiguration->loadConfigurationFile(Object(Illuminate/Config/Repository), 'l5-swagger', 'C://Users//JUNIOR...', Array)
#3 C:/Users/JUNIOR/sindancora/vendor/laravel/framework/src/Illuminate/Foundation/Bootstrap/LoadConfiguration.php(55): Illuminate/Foundation/Bootstrap/LoadConfiguration->loadConfigurationFiles(Object(Illuminate/Foundation/Application), Object(Illuminate/Config/Repository))
#4 C:/Users/JUNIOR/sindancora/vendor/laravel/framework/src/Illuminate/Foundation/Application.php(342): Illuminate/Foundation/Bootstrap/LoadConfiguration->bootstrap(Object(Illuminate/Foundation/Application))
#5 C:/Users/JUNIOR/sindancora/vendor/laravel/framework/src/Illuminate/Foundation/Console/Kernel.php(494): Illuminate/Foundation/Application->bootstrapWith(Array)
#6 C:/Users/JUNIOR/sindancora/vendor/laravel/framework/src/Illuminate/Foundation/Console/Kernel.php(196): Illuminate/Foundation/Console/Kernel->bootstrap()
#7 C:/Users/JUNIOR/sindancora/vendor/laravel/framework/src/Illuminate/Foundation/Application.php(1235): Illuminate/Foundation/Console/Kernel->handle(Object(Symfony/Component/Console/Input/ArgvInput), Object(Symfony/Component/Console/Output/ConsoleOutput))
#8 C:/Users/JUNIOR/sindancora/artisan(16): Illuminate/Foundation/Application->handleCommand(Object(Symfony/Component/Console/Input/ArgvInput))
#9 {main}
"} 
[2026-06-01 14:47:16] local.ERROR: Required @OA\Info() not found {"exception":"[object] (ErrorException(code: 0): Required @OA\\Info() not found at C:/Users/JUNIOR/sindancora/vendor/zircote/swagger-php/src/Loggers/DefaultLogger.php:23)
[stacktrace]
#0 C:/Users/JUNIOR/sindancora/vendor/laravel/framework/src/Illuminate/Foundation/Bootstrap/HandleExceptions.php(258): Illuminate/Foundation/Bootstrap/HandleExceptions->handleError(512, 'Required @OA//In...', 'C://Users//JUNIOR...', 23)
#1 [internal function]: Illuminate/Foundation/Bootstrap/HandleExceptions->Illuminate/Foundation/Bootstrap/{closure}(512, 'Required @OA//In...', 'C://Users//JUNIOR...', 23)
#2 C:/Users/JUNIOR/sindancora/vendor/zircote/swagger-php/src/Loggers/DefaultLogger.php(23): trigger_error('Required @OA//In...', 512)
#3 C:/Users/JUNIOR/sindancora/vendor/psr/log/src/LoggerTrait.php(61): OpenApi/Loggers/DefaultLogger->log('warning', 'Required @OA//In...', Array)
#4 C:/Users/JUNIOR/sindancora/vendor/zircote/swagger-php/src/Annotations/AbstractAnnotation.php(549): Psr/Log/AbstractLogger->warning('Required @OA//In...')
#5 C:/Users/JUNIOR/sindancora/vendor/zircote/swagger-php/src/Annotations/OpenApi.php(162): OpenApi/Annotations/AbstractAnnotation->validate(Object(OpenApi/Analysis), '3.0.0', Object(stdClass))
#6 C:/Users/JUNIOR/sindancora/vendor/zircote/swagger-php/src/Analysis.php(402): OpenApi/Annotations/OpenApi->validate(Object(OpenApi/Analysis), '3.0.0', Object(stdClass))
#7 C:/Users/JUNIOR/sindancora/vendor/zircote/swagger-php/src/Generator.php(408): OpenApi/Analysis->validate()
#8 C:/Users/JUNIOR/sindancora/vendor/darkaonline/l5-swagger/src/Generator.php(177): OpenApi/Generator->generate(Object(OpenApi/SourceFinder), Object(OpenApi/Analysis))
#9 C:/Users/JUNIOR/sindancora/vendor/darkaonline/l5-swagger/src/Generator.php(118): L5Swagger/Generator->scanFilesForDocumentation()
#10 C:/Users/JUNIOR/sindancora/vendor/darkaonline/l5-swagger/src/Console/GenerateDocsCommand.php(73): L5Swagger/Generator->generateDocs()
#11 C:/Users/JUNIOR/sindancora/vendor/darkaonline/l5-swagger/src/Console/GenerateDocsCommand.php(56): L5Swagger/Console/GenerateDocsCommand->generateDocumentation(Object(L5Swagger/GeneratorFactory), 'default')
#12 C:/Users/JUNIOR/sindancora/vendor/laravel/framework/src/Illuminate/Container/BoundMethod.php(36): L5Swagger/Console/GenerateDocsCommand->handle(Object(L5Swagger/GeneratorFactory))
#13 C:/Users/JUNIOR/sindancora/vendor/laravel/framework/src/Illuminate/Container/Util.php(43): Illuminate/Container/BoundMethod::Illuminate/Container/{closure}()
#14 C:/Users/JUNIOR/sindancora/vendor/laravel/framework/src/Illuminate/Container/BoundMethod.php(96): Illuminate/Container/Util::unwrapIfClosure(Object(Closure))
#15 C:/Users/JUNIOR/sindancora/vendor/laravel/framework/src/Illuminate/Container/BoundMethod.php(35): Illuminate/Container/BoundMethod::callBoundMethod(Object(Illuminate/Foundation/Application), Array, Object(Closure))
#16 C:/Users/JUNIOR/sindancora/vendor/laravel/framework/src/Illuminate/Container/Container.php(799): Illuminate/Container/BoundMethod::call(Object(Illuminate/Foundation/Application), Array, Array, NULL)
#17 C:/Users/JUNIOR/sindancora/vendor/laravel/framework/src/Illuminate/Console/Command.php(211): Illuminate/Container/Container->call(Array)
#18 C:/Users/JUNIOR/sindancora/vendor/symfony/console/Command/Command.php(341): Illuminate/Console/Command->execute(Object(Symfony/Component/Console/Input/ArgvInput), Object(Illuminate/Console/OutputStyle))
#19 C:/Users/JUNIOR/sindancora/vendor/laravel/framework/src/Illuminate/Console/Command.php(180): Symfony/Component/Console/Command/Command->run(Object(Symfony/Component/Console/Input/ArgvInput), Object(Illuminate/Console/OutputStyle))
#20 C:/Users/JUNIOR/sindancora/vendor/symfony/console/Application.php(1117): Illuminate/Console/Command->run(Object(Symfony/Component/Console/Input/ArgvInput), Object(Symfony/Component/Console/Output/ConsoleOutput))
#21 C:/Users/JUNIOR/sindancora/vendor/symfony/console/Application.php(356): Symfony/Component/Console/Application->doRunCommand(Object(L5Swagger/Console/GenerateDocsCommand), Object(Symfony/Component/Console/Input/ArgvInput), Object(Symfony/Component/Console/Output/ConsoleOutput))
#22 C:/Users/JUNIOR/sindancora/vendor/symfony/console/Application.php(195): Symfony/Component/Console/Application->doRun(Object(Symfony/Component/Console/Input/ArgvInput), Object(Symfony/Component/Console/Output/ConsoleOutput))
#23 C:/Users/JUNIOR/sindancora/vendor/laravel/framework/src/Illuminate/Foundation/Console/Kernel.php(198): Symfony/Component/Console/Application->run(Object(Symfony/Component/Console/Input/ArgvInput), Object(Symfony/Component/Console/Output/ConsoleOutput))
#24 C:/Users/JUNIOR/sindancora/vendor/laravel/framework/src/Illuminate/Foundation/Application.php(1235): Illuminate/Foundation/Console/Kernel->handle(Object(Symfony/Component/Console/Input/ArgvInput), Object(Symfony/Component/Console/Output/ConsoleOutput))
#25 C:/Users/JUNIOR/sindancora/artisan(16): Illuminate/Foundation/Application->handleCommand(Object(Symfony/Component/Console/Input/ArgvInput))
#26 {main}
"} 
[2026-06-01 14:48:42] local.ERROR: OpenApi\Generator::setAnalyser(): Argument #1 ($analyser) must be of type ?OpenApi\Analysers\AnalyserInterface, string given, called in C:\Users\JUNIOR\sindancora\vendor\darkaonline\l5-swagger\src\Generator.php on line 248 {"exception":"[object] (TypeError(code: 0): OpenApi\\Generator::setAnalyser(): Argument #1 ($analyser) must be of type ?OpenApi\\Analysers\\AnalyserInterface, string given, called in C:\\Users\\JUNIOR\\sindancora\\vendor\\darkaonline\\l5-swagger\\src\\Generator.php on line 248 at C:/Users/JUNIOR/sindancora/vendor/zircote/swagger-php/src/Generator.php:142)
[stacktrace]
#0 C:/Users/JUNIOR/sindancora/vendor/darkaonline/l5-swagger/src/Generator.php(248): OpenApi/Generator->setAnalyser('OpenApi//Analyse...')
#1 C:/Users/JUNIOR/sindancora/vendor/darkaonline/l5-swagger/src/Generator.php(205): L5Swagger/Generator->setAnalyser(Object(OpenApi/Generator))
#2 C:/Users/JUNIOR/sindancora/vendor/darkaonline/l5-swagger/src/Generator.php(171): L5Swagger/Generator->createOpenApiGenerator()
#3 C:/Users/JUNIOR/sindancora/vendor/darkaonline/l5-swagger/src/Generator.php(118): L5Swagger/Generator->scanFilesForDocumentation()
#4 C:/Users/JUNIOR/sindancora/vendor/darkaonline/l5-swagger/src/Console/GenerateDocsCommand.php(73): L5Swagger/Generator->generateDocs()
#5 C:/Users/JUNIOR/sindancora/vendor/darkaonline/l5-swagger/src/Console/GenerateDocsCommand.php(56): L5Swagger/Console/GenerateDocsCommand->generateDocumentation(Object(L5Swagger/GeneratorFactory), 'default')
#6 C:/Users/JUNIOR/sindancora/vendor/laravel/framework/src/Illuminate/Container/BoundMethod.php(36): L5Swagger/Console/GenerateDocsCommand->handle(Object(L5Swagger/GeneratorFactory))
#7 C:/Users/JUNIOR/sindancora/vendor/laravel/framework/src/Illuminate/Container/Util.php(43): Illuminate/Container/BoundMethod::Illuminate/Container/{closure}()
#8 C:/Users/JUNIOR/sindancora/vendor/laravel/framework/src/Illuminate/Container/BoundMethod.php(96): Illuminate/Container/Util::unwrapIfClosure(Object(Closure))
#9 C:/Users/JUNIOR/sindancora/vendor/laravel/framework/src/Illuminate/Container/BoundMethod.php(35): Illuminate/Container/BoundMethod::callBoundMethod(Object(Illuminate/Foundation/Application), Array, Object(Closure))
#10 C:/Users/JUNIOR/sindancora/vendor/laravel/framework/src/Illuminate/Container/Container.php(799): Illuminate/Container/BoundMethod::call(Object(Illuminate/Foundation/Application), Array, Array, NULL)
#11 C:/Users/JUNIOR/sindancora/vendor/laravel/framework/src/Illuminate/Console/Command.php(211): Illuminate/Container/Container->call(Array)
#12 C:/Users/JUNIOR/sindancora/vendor/symfony/console/Command/Command.php(341): Illuminate/Console/Command->execute(Object(Symfony/Component/Console/Input/ArgvInput), Object(Illuminate/Console/OutputStyle))
#13 C:/Users/JUNIOR/sindancora/vendor/laravel/framework/src/Illuminate/Console/Command.php(180): Symfony/Component/Console/Command/Command->run(Object(Symfony/Component/Console/Input/ArgvInput), Object(Illuminate/Console/OutputStyle))
#14 C:/Users/JUNIOR/sindancora/vendor/symfony/console/Application.php(1117): Illuminate/Console/Command->run(Object(Symfony/Component/Console/Input/ArgvInput), Object(Symfony/Component/Console/Output/ConsoleOutput))
#15 C:/Users/JUNIOR/sindancora/vendor/symfony/console/Application.php(356): Symfony/Component/Console/Application->doRunCommand(Object(L5Swagger/Console/GenerateDocsCommand), Object(Symfony/Component/Console/Input/ArgvInput), Object(Symfony/Component/Console/Output/ConsoleOutput))
#16 C:/Users/JUNIOR/sindancora/vendor/symfony/console/Application.php(195): Symfony/Component/Console/Application->doRun(Object(Symfony/Component/Console/Input/ArgvInput), Object(Symfony/Component/Console/Output/ConsoleOutput))
#17 C:/Users/JUNIOR/sindancora/vendor/laravel/framework/src/Illuminate/Foundation/Console/Kernel.php(198): Symfony/Component/Console/Application->run(Object(Symfony/Component/Console/Input/ArgvInput), Object(Symfony/Component/Console/Output/ConsoleOutput))
#18 C:/Users/JUNIOR/sindancora/vendor/laravel/framework/src/Illuminate/Foundation/Application.php(1235): Illuminate/Foundation/Console/Kernel->handle(Object(Symfony/Component/Console/Input/ArgvInput), Object(Symfony/Component/Console/Output/ConsoleOutput))
#19 C:/Users/JUNIOR/sindancora/artisan(16): Illuminate/Foundation/Application->handleCommand(Object(Symfony/Component/Console/Input/ArgvInput))
#20 {main}
"} 
[2026-06-01 14:48:56] local.ERROR: Required @OA\Info() not found {"exception":"[object] (ErrorException(code: 0): Required @OA\\Info() not found at C:/Users/JUNIOR/sindancora/vendor/zircote/swagger-php/src/Loggers/DefaultLogger.php:23)
[stacktrace]
#0 C:/Users/JUNIOR/sindancora/vendor/laravel/framework/src/Illuminate/Foundation/Bootstrap/HandleExceptions.php(258): Illuminate/Foundation/Bootstrap/HandleExceptions->handleError(512, 'Required @OA//In...', 'C://Users//JUNIOR...', 23)
#1 [internal function]: Illuminate/Foundation/Bootstrap/HandleExceptions->Illuminate/Foundation/Bootstrap/{closure}(512, 'Required @OA//In...', 'C://Users//JUNIOR...', 23)
#2 C:/Users/JUNIOR/sindancora/vendor/zircote/swagger-php/src/Loggers/DefaultLogger.php(23): trigger_error('Required @OA//In...', 512)
#3 C:/Users/JUNIOR/sindancora/vendor/psr/log/src/LoggerTrait.php(61): OpenApi/Loggers/DefaultLogger->log('warning', 'Required @OA//In...', Array)
#4 C:/Users/JUNIOR/sindancora/vendor/zircote/swagger-php/src/Annotations/AbstractAnnotation.php(549): Psr/Log/AbstractLogger->warning('Required @OA//In...')
#5 C:/Users/JUNIOR/sindancora/vendor/zircote/swagger-php/src/Annotations/OpenApi.php(162): OpenApi/Annotations/AbstractAnnotation->validate(Object(OpenApi/Analysis), '3.0.0', Object(stdClass))
#6 C:/Users/JUNIOR/sindancora/vendor/zircote/swagger-php/src/Analysis.php(402): OpenApi/Annotations/OpenApi->validate(Object(OpenApi/Analysis), '3.0.0', Object(stdClass))
#7 C:/Users/JUNIOR/sindancora/vendor/zircote/swagger-php/src/Generator.php(408): OpenApi/Analysis->validate()
#8 C:/Users/JUNIOR/sindancora/vendor/darkaonline/l5-swagger/src/Generator.php(177): OpenApi/Generator->generate(Object(OpenApi/SourceFinder), Object(OpenApi/Analysis))
#9 C:/Users/JUNIOR/sindancora/vendor/darkaonline/l5-swagger/src/Generator.php(118): L5Swagger/Generator->scanFilesForDocumentation()
#10 C:/Users/JUNIOR/sindancora/vendor/darkaonline/l5-swagger/src/Console/GenerateDocsCommand.php(73): L5Swagger/Generator->generateDocs()
#11 C:/Users/JUNIOR/sindancora/vendor/darkaonline/l5-swagger/src/Console/GenerateDocsCommand.php(56): L5Swagger/Console/GenerateDocsCommand->generateDocumentation(Object(L5Swagger/GeneratorFactory), 'default')
#12 C:/Users/JUNIOR/sindancora/vendor/laravel/framework/src/Illuminate/Container/BoundMethod.php(36): L5Swagger/Console/GenerateDocsCommand->handle(Object(L5Swagger/GeneratorFactory))
#13 C:/Users/JUNIOR/sindancora/vendor/laravel/framework/src/Illuminate/Container/Util.php(43): Illuminate/Container/BoundMethod::Illuminate/Container/{closure}()
#14 C:/Users/JUNIOR/sindancora/vendor/laravel/framework/src/Illuminate/Container/BoundMethod.php(96): Illuminate/Container/Util::unwrapIfClosure(Object(Closure))
#15 C:/Users/JUNIOR/sindancora/vendor/laravel/framework/src/Illuminate/Container/BoundMethod.php(35): Illuminate/Container/BoundMethod::callBoundMethod(Object(Illuminate/Foundation/Application), Array, Object(Closure))
#16 C:/Users/JUNIOR/sindancora/vendor/laravel/framework/src/Illuminate/Container/Container.php(799): Illuminate/Container/BoundMethod::call(Object(Illuminate/Foundation/Application), Array, Array, NULL)
#17 C:/Users/JUNIOR/sindancora/vendor/laravel/framework/src/Illuminate/Console/Command.php(211): Illuminate/Container/Container->call(Array)
#18 C:/Users/JUNIOR/sindancora/vendor/symfony/console/Command/Command.php(341): Illuminate/Console/Command->execute(Object(Symfony/Component/Console/Input/ArgvInput), Object(Illuminate/Console/OutputStyle))
#19 C:/Users/JUNIOR/sindancora/vendor/laravel/framework/src/Illuminate/Console/Command.php(180): Symfony/Component/Console/Command/Command->run(Object(Symfony/Component/Console/Input/ArgvInput), Object(Illuminate/Console/OutputStyle))
#20 C:/Users/JUNIOR/sindancora/vendor/symfony/console/Application.php(1117): Illuminate/Console/Command->run(Object(Symfony/Component/Console/Input/ArgvInput), Object(Symfony/Component/Console/Output/ConsoleOutput))
#21 C:/Users/JUNIOR/sindancora/vendor/symfony/console/Application.php(356): Symfony/Component/Console/Application->doRunCommand(Object(L5Swagger/Console/GenerateDocsCommand), Object(Symfony/Component/Console/Input/ArgvInput), Object(Symfony/Component/Console/Output/ConsoleOutput))
#22 C:/Users/JUNIOR/sindancora/vendor/symfony/console/Application.php(195): Symfony/Component/Console/Application->doRun(Object(Symfony/Component/Console/Input/ArgvInput), Object(Symfony/Component/Console/Output/ConsoleOutput))
#23 C:/Users/JUNIOR/sindancora/vendor/laravel/framework/src/Illuminate/Foundation/Console/Kernel.php(198): Symfony/Component/Console/Application->run(Object(Symfony/Component/Console/Input/ArgvInput), Object(Symfony/Component/Console/Output/ConsoleOutput))
#24 C:/Users/JUNIOR/sindancora/vendor/laravel/framework/src/Illuminate/Foundation/Application.php(1235): Illuminate/Foundation/Console/Kernel->handle(Object(Symfony/Component/Console/Input/ArgvInput), Object(Symfony/Component/Console/Output/ConsoleOutput))
#25 C:/Users/JUNIOR/sindancora/artisan(16): Illuminate/Foundation/Application->handleCommand(Object(Symfony/Component/Console/Input/ArgvInput))
#26 {main}
"} 
[2026-06-01 14:54:08] local.ERROR: Required @OA\PathItem() not found {"exception":"[object] (ErrorException(code: 0): Required @OA\\PathItem() not found at C:/Users/JUNIOR/sindancora/vendor/zircote/swagger-php/src/Loggers/DefaultLogger.php:23)
[stacktrace]
#0 C:/Users/JUNIOR/sindancora/vendor/laravel/framework/src/Illuminate/Foundation/Bootstrap/HandleExceptions.php(258): Illuminate/Foundation/Bootstrap/HandleExceptions->handleError(512, 'Required @OA//Pa...', 'C://Users//JUNIOR...', 23)
#1 [internal function]: Illuminate/Foundation/Bootstrap/HandleExceptions->Illuminate/Foundation/Bootstrap/{closure}(512, 'Required @OA//Pa...', 'C://Users//JUNIOR...', 23)
#2 C:/Users/JUNIOR/sindancora/vendor/zircote/swagger-php/src/Loggers/DefaultLogger.php(23): trigger_error('Required @OA//Pa...', 512)
#3 C:/Users/JUNIOR/sindancora/vendor/psr/log/src/LoggerTrait.php(61): OpenApi/Loggers/DefaultLogger->log('warning', 'Required @OA//Pa...', Array)
#4 C:/Users/JUNIOR/sindancora/vendor/zircote/swagger-php/src/Annotations/OpenApi.php(171): Psr/Log/AbstractLogger->warning('Required @OA//Pa...')
#5 C:/Users/JUNIOR/sindancora/vendor/zircote/swagger-php/src/Analysis.php(402): OpenApi/Annotations/OpenApi->validate(Object(OpenApi/Analysis), '3.0.0', Object(stdClass))
#6 C:/Users/JUNIOR/sindancora/vendor/zircote/swagger-php/src/Generator.php(408): OpenApi/Analysis->validate()
#7 C:/Users/JUNIOR/sindancora/vendor/darkaonline/l5-swagger/src/Generator.php(177): OpenApi/Generator->generate(Object(OpenApi/SourceFinder), Object(OpenApi/Analysis))
#8 C:/Users/JUNIOR/sindancora/vendor/darkaonline/l5-swagger/src/Generator.php(118): L5Swagger/Generator->scanFilesForDocumentation()
#9 C:/Users/JUNIOR/sindancora/vendor/darkaonline/l5-swagger/src/Console/GenerateDocsCommand.php(73): L5Swagger/Generator->generateDocs()
#10 C:/Users/JUNIOR/sindancora/vendor/darkaonline/l5-swagger/src/Console/GenerateDocsCommand.php(56): L5Swagger/Console/GenerateDocsCommand->generateDocumentation(Object(L5Swagger/GeneratorFactory), 'default')
#11 C:/Users/JUNIOR/sindancora/vendor/laravel/framework/src/Illuminate/Container/BoundMethod.php(36): L5Swagger/Console/GenerateDocsCommand->handle(Object(L5Swagger/GeneratorFactory))
#12 C:/Users/JUNIOR/sindancora/vendor/laravel/framework/src/Illuminate/Container/Util.php(43): Illuminate/Container/BoundMethod::Illuminate/Container/{closure}()
#13 C:/Users/JUNIOR/sindancora/vendor/laravel/framework/src/Illuminate/Container/BoundMethod.php(96): Illuminate/Container/Util::unwrapIfClosure(Object(Closure))
#14 C:/Users/JUNIOR/sindancora/vendor/laravel/framework/src/Illuminate/Container/BoundMethod.php(35): Illuminate/Container/BoundMethod::callBoundMethod(Object(Illuminate/Foundation/Application), Array, Object(Closure))
#15 C:/Users/JUNIOR/sindancora/vendor/laravel/framework/src/Illuminate/Container/Container.php(799): Illuminate/Container/BoundMethod::call(Object(Illuminate/Foundation/Application), Array, Array, NULL)
#16 C:/Users/JUNIOR/sindancora/vendor/laravel/framework/src/Illuminate/Console/Command.php(211): Illuminate/Container/Container->call(Array)
#17 C:/Users/JUNIOR/sindancora/vendor/symfony/console/Command/Command.php(341): Illuminate/Console/Command->execute(Object(Symfony/Component/Console/Input/ArgvInput), Object(Illuminate/Console/OutputStyle))
#18 C:/Users/JUNIOR/sindancora/vendor/laravel/framework/src/Illuminate/Console/Command.php(180): Symfony/Component/Console/Command/Command->run(Object(Symfony/Component/Console/Input/ArgvInput), Object(Illuminate/Console/OutputStyle))
#19 C:/Users/JUNIOR/sindancora/vendor/symfony/console/Application.php(1117): Illuminate/Console/Command->run(Object(Symfony/Component/Console/Input/ArgvInput), Object(Symfony/Component/Console/Output/ConsoleOutput))
#20 C:/Users/JUNIOR/sindancora/vendor/symfony/console/Application.php(356): Symfony/Component/Console/Application->doRunCommand(Object(L5Swagger/Console/GenerateDocsCommand), Object(Symfony/Component/Console/Input/ArgvInput), Object(Symfony/Component/Console/Output/ConsoleOutput))
#21 C:/Users/JUNIOR/sindancora/vendor/symfony/console/Application.php(195): Symfony/Component/Console/Application->doRun(Object(Symfony/Component/Console/Input/ArgvInput), Object(Symfony/Component/Console/Output/ConsoleOutput))
#22 C:/Users/JUNIOR/sindancora/vendor/laravel/framework/src/Illuminate/Foundation/Console/Kernel.php(198): Symfony/Component/Console/Application->run(Object(Symfony/Component/Console/Input/ArgvInput), Object(Symfony/Component/Console/Output/ConsoleOutput))
#23 C:/Users/JUNIOR/sindancora/vendor/laravel/framework/src/Illuminate/Foundation/Application.php(1235): Illuminate/Foundation/Console/Kernel->handle(Object(Symfony/Component/Console/Input/ArgvInput), Object(Symfony/Component/Console/Output/ConsoleOutput))
#24 C:/Users/JUNIOR/sindancora/artisan(16): Illuminate/Foundation/Application->handleCommand(Object(Symfony/Component/Console/Input/ArgvInput))
#25 {main}
"} 
